<?xml version="1.0" encoding="utf-8"?><testsuites name="pytest tests"><testsuite name="pytest" errors="0" failures="0" skipped="0" tests="6" time="54.237" timestamp="2026-09-18T21:40:07.754997+02:00" hostname="ip-192-168-12-31.eu-central-1.compute.internal"><testcase classname="tests.test_sample" name="test_invalid_configuration[fee_rate--0.1]" time="0.001" /><testcase classname="tests.test_sample" name="test_invalid_configuration[fee_rate-1.1]" time="0.000" /><testcase classname="tests.test_sample" name="test_invalid_configuration[fee_rate-nan]" time="0.001" /><testcase classname="tests.test_sample" name="test_invalid_configuration[included_status-paid' OR 1=1]" time="0.000" /><testcase classname="tests.test_sample" name="test_vault_to_configurable_metrics" time="26.783" /><testcase classname="tests.test_sample" name="test_configurable_status_filter_and_empty_result" time="27.367" /></testsuite></testsuites>